[www@ngxportal examples]$ /usr/local/webserver/php/bin/php rfare.php

Warning: array_push(): First argument should be an array in /data/huangqi/stomp/php/examples/rfare.php on line 78
Processed messages {

Warning: Invalid argument supplied for foreach() in /data/huangqi/stomp/php/examples/rfare.php on line 85
}
        0
Warning: some messages still in the queue: MESSAGE
redelivered: true
message-id: ID:localhost.localdomain-33839-1363624620955-4:213:-1:1:7
destination: /queue/ticketFare
timestamp: 1363895076400
expires: 0
priority: 4

{"PNumber":4,"SNumber":1,"airPortPath":"SHA-CAN","allowFlights":["CZ1000","CZ1234"],"baseAirLine":"CX","childPrice":101,"cityPath":"SHA-CAN","currencyCode":"USD","dst":"CAN","exchangerateValue":0,"lineType":1,"minTravelerCount":1,"notAllowFlights":["CZ1001","CZ1243"],"op":0,"org":"SHA","policyId":12600,"price":101,"sellEndDate":"20130506","sellStartDate":"20130301","ticketPeriods":[{"backLimitedWeeks":[],"endDate":"20130506","fareId":3715839,"goLimitedWeeks":[{"weeks":["2","4","7"]}],"startDate":"20130312"},{"backLimitedWeeks":[],"endDate":"20130610","fareId":3715841,"goLimitedWeeks":[{"weeks":["2","4","7"]}],"startDate":"20130610"},{"backLimitedWeeks":[],"endDate":"20130705","fareId":3715843,"goLimitedWeeks":[{"weeks":["2","4","7"]}],"startDate":"20130705"},{"backLimitedWeeks":[],"endDate":"20130715","fareId":3715845,"goLimitedWeeks":[{"weeks":["2","4","7"]}],"startDate":"20130715"}],"ticketPolicyFiles":{"advanceDay":-1,"agentFee":0,"airPartCount":1,"aircoCode":"CX","aircoName":"??????ì?????????????","allowChangeDate":"","allowFlight":"CZ1000;CZ1234","allowRefund":"","allowRefundForPart":"N","allowSpa":"Y","backAllowTime":"17:30-19:00;20:00-21:21","backDate":"2013-08-10??????2013-09-01;","backNotAllowTime":"22:00-23:00;23:01-23:59","backWeeks":"","baseAgentFee":0,"billingType":48,"bookingValue":-1,"changeCalcType":"","changeFees":0,"changeRefundRemark":"","changeRefundRemarkDate":"","changeRefundRemarkTicket":"","changeUnit":"","childDiscount":0,"childDiscountType":17,"childDiscountUnit":"USD","childPrice":-1,"currencyCode":"","currencyName":"???????a","fareBase":"","fareId":3715839,"fareType":44,"goAllowTime":"08:30-15:00;16:00-16:30","goNotAllowTime":"15:01-15:59;16:31-16:59","goWeeks":"??????ò???????????????????","infantDiscount":0,"infantDiscountType":17,"infantDiscountUnit":"USD","infantPrice":-1,"isOpenTicket":"N","logoFileId":0,"luggageAmount":0,"luggagePtotleWeight":0,"luggagePweight":0,"maxStayTime":1,"maxStayUnit":"Y","minStayTime":-1,"minStayUnit":"D","minTravelerCount":1,"missedFees":0,"missedUnit":"","notAllowFlight":"CZ1001;CZ1243","originalFilename":"MQ??????JAVAí¨??????????????????.txt","policyFilePathId":97100,"preAgentValue":0,"price":101,"priceClassId":13,"refundCalcType":"","refundCalcTypeForPart":"","refundFees":0,"refundFeesForPart":0,"refundTicketType":"","refundTicketTypeForPart":"","refundUnit":"","refundUnitForPart":"","sellEndDate":"2013-03-12","sellStartDate":"2013-03-01","stayWeeks":"","tcode":"","tourEndDate":"2013-12-05","tourStartDate":"2013-03-12","transitCount":0,"travelerTypeId":8,"unChildDiscount":0,"unChildDiscountType":17,"unChildDiscountUnit":"USD","unChildPrice":-1},"ticketSegments":[{"arrAirPort":"CAN","backEndTime":{"allowTime":[],"limitedTime":[]},"backStartTime":{"allowTime":[],"limitedTime":[]},"bunk":"W","bunkLevel":3,"carrier":"CX","depAirPort":"SHA","dstCity":"CAN","goEndTime":{"allowTime":["1500","1630"],"limitedTime":["1559","1659"]},"goStartTime":{"allowTime":["0830","1600"],"limitedTime":["1501","1631"]},"orgCity":"SHA"}],"travelerTypeId":8}
MESSAGE
message-id:ID:localhost.localdomain-33839-1363624620955-4:213:-1:1:8
destination:/queue/ticketFare
timestamp:1363895076401
expires:0
priority:4

{"PNumber":4,"SNumber":1,"airPortPath":"SHA-CAN","allowFlights":["CZ1000","CZ1234"],"baseAirLine":"CX","childPrice":301,"cityPath":"SHA-CAN","currencyCode":"USD","dst":"CAN","exchangerateValue":0,"lineType":1,"minTravelerCount":1,"notAllowFlights":["CZ1001","CZ1243"],"op":0,"org":"SHA","policyId":12600,"price":301,"sellEndDate":"20130506","sellStartDate":"20130301","ticketPeriods":[{"backLimitedWeeks":[],"endDate":"20130506","fareId":3715847,"goLimitedWeeks":[{"weeks":["2","4","7"]}],"startDate":"20130312"},{"backLimitedWeeks":[],"endDate":"20130715","fareId":3715853,"goLimitedWeeks":[{"weeks":["2","4","7"]}],"startDate":"20130715"},{"backLimitedWeeks":[],"endDate":"20130610","fareId":3715849,"goLimitedWeeks":[{"w
[www@ngxportal examples]$
