[www@ngxportal examples]$ /usr/local/webserver/php/bin/php lowrfare.php 
object(StompFrame)#3 (3) {
  ["command"]=>
  string(7) "MESSAGE"
  ["headers"]=>
  array(6) {
    ["redelivered"]=>
    string(4) "true"
    ["message-id"]=>
    string(57) "ID:localhost.localdomain-35241-1364251136771-2:25:-1:1:72"
    ["destination"]=>
    string(16) "/queue/rhomobile"
    ["timestamp"]=>
    string(13) "1364421310858"
    ["expires"]=>
    string(1) "0"
    ["priority"]=>
    string(1) "4"
  }
  ["body"]=>
  string(3) "270"
}
object(StompFrame)#2 (3) {
  ["command"]=>
  string(7) "MESSAGE"
  ["headers"]=>
  array(5) {
    ["message-id"]=>
    string(57) "ID:localhost.localdomain-35241-1364251136771-2:25:-1:1:73"
    ["destination"]=>
    string(16) "/queue/rhomobile"
    ["timestamp"]=>
    string(13) "1364421310858"
    ["expires"]=>
    string(1) "0"
    ["priority"]=>
    string(1) "4"
  }
  ["body"]=>
  string(160) "271
MESSAGE
message-id:ID:localhost.localdomain-35241-1364251136771-2:25:-1:1:74
destination:/queue/rhomobile
timestamp:1364421310858
expires:0
priority:4

272"
}
object(StompFrame)#3 (3) {
  ["command"]=>
  string(7) "MESSAGE"
  ["headers"]=>
  array(5) {
    ["message-id"]=>
    string(57) "ID:localhost.localdomain-35241-1364251136771-2:25:-1:1:75"
    ["destination"]=>
    string(16) "/queue/rhomobile"
    ["timestamp"]=>
    string(13) "1364421310858"
    ["expires"]=>
    string(1) "0"
    ["priority"]=>
    string(1) "4"
  }
  ["body"]=>
  string(3) "273"
}
object(StompFrame)#2 (3) {
  ["command"]=>
  string(7) "MESSAGE"
  ["headers"]=>
  array(5) {
    ["message-id"]=>
    string(57) "ID:localhost.localdomain-35241-1364251136771-2:25:-1:1:76"
    ["destination"]=>
    string(16) "/queue/rhomobile"
    ["timestamp"]=>
    string(13) "1364421310858"
    ["expires"]=>
    string(1) "0"
    ["priority"]=>
    string(1) "4"
  }
  ["body"]=>
  string(317) "274
MESSAGE
message-id:ID:localhost.localdomain-35241-1364251136771-2:25:-1:1:77
destination:/queue/rhomobile
timestamp:1364421310858
expires:0
priority:4

275
MESSAGE
message-id:ID:localhost.localdomain-35241-1364251136771-2:25:-1:1:78
destination:/queue/rhomobile
timestamp:1364421310859
expires:0
priority:4

276"
}
object(StompFrame)#3 (3) {
  ["command"]=>
  string(7) "MESSAGE"
  ["headers"]=>
  array(5) {
    ["message-id"]=>
    string(57) "ID:localhost.localdomain-35241-1364251136771-2:25:-1:1:79"
    ["destination"]=>
    string(16) "/queue/rhomobile"
    ["timestamp"]=>
    string(13) "1364421310859"
    ["expires"]=>
    string(1) "0"
    ["priority"]=>
    string(1) "4"
  }
  ["body"]=>
  string(3) "277"
}
object(StompFrame)#2 (3) {
  ["command"]=>
  string(7) "MESSAGE"
  ["headers"]=>
  array(5) {
    ["message-id"]=>
    string(57) "ID:localhost.localdomain-35241-1364251136771-2:25:-1:1:80"
    ["destination"]=>
    string(16) "/queue/rhomobile"
    ["timestamp"]=>
    string(13) "1364421310859"
    ["expires"]=>
    string(1) "0"
    ["priority"]=>
    string(1) "4"
  }
  ["body"]=>
  string(474) "278
MESSAGE
message-id:ID:localhost.localdomain-35241-1364251136771-2:25:-1:1:81
destination:/queue/rhomobile
timestamp:1364421310859
expires:0
priority:4

279
MESSAGE
message-id:ID:localhost.localdomain-35241-1364251136771-2:25:-1:1:82
destination:/queue/rhomobile
timestamp:1364421310859
expires:0
priority:4

280
MESSAGE
message-id:ID:localhost.localdomain-35241-1364251136771-2:25:-1:1:83
destination:/queue/rhomobile
timestamp:1364421310859
expires:0
priority:4

281"
}
object(StompFrame)#3 (3) {
  ["command"]=>
  string(7) "MESSAGE"
  ["headers"]=>
  array(5) {
    ["message-id"]=>
    string(57) "ID:localhost.localdomain-35241-1364251136771-2:25:-1:1:84"
    ["destination"]=>
    string(16) "/queue/rhomobile"
    ["timestamp"]=>
    string(13) "1364421310859"
    ["expires"]=>
    string(1) "0"
    ["priority"]=>
    string(1) "4"
  }
  ["body"]=>
  string(3) "282"
}
object(StompFrame)#2 (3) {
  ["command"]=>
  string(7) "MESSAGE"
  ["headers"]=>
  array(5) {
    ["message-id"]=>
    string(57) "ID:localhost.localdomain-35241-1364251136771-2:25:-1:1:85"
    ["destination"]=>
    string(16) "/queue/rhomobile"
    ["timestamp"]=>
    string(13) "1364421310859"
    ["expires"]=>
    string(1) "0"
    ["priority"]=>
    string(1) "4"
  }
  ["body"]=>
  string(631) "283
MESSAGE
message-id:ID:localhost.localdomain-35241-1364251136771-2:25:-1:1:86
destination:/queue/rhomobile
timestamp:1364421310859
expires:0
priority:4

284
MESSAGE
message-id:ID:localhost.localdomain-35241-1364251136771-2:25:-1:1:87
destination:/queue/rhomobile
timestamp:1364421310859
expires:0
priority:4

285
MESSAGE
message-id:ID:localhost.localdomain-35241-1364251136771-2:25:-1:1:88
destination:/queue/rhomobile
timestamp:1364421310860
expires:0
priority:4

286
MESSAGE
message-id:ID:localhost.localdomain-35241-1364251136771-2:25:-1:1:89
destination:/queue/rhomobile
timestamp:1364421310860
expires:0
priority:4

287"
}
object(StompFrame)#3 (3) {
  ["command"]=>
  string(7) "MESSAGE"
  ["headers"]=>
  array(5) {
    ["message-id"]=>
    string(57) "ID:localhost.localdomain-35241-1364251136771-2:25:-1:1:90"
    ["destination"]=>
    string(16) "/queue/rhomobile"
    ["timestamp"]=>
    string(13) "1364421310860"
    ["expires"]=>
    string(1) "0"
    ["priority"]=>
    string(1) "4"
  }
  ["body"]=>
  string(3) "288"
}

[www@ngxportal examples]$ 
